have_library: checking for tgetnum() in -lncurses... -------------------- yes

"gcc -o conftest -I/usr/include/ruby-1.9.1/i686-linux -I/usr/include/ruby-1.9.1/ruby/backward -I/usr/include/ruby-1.9.1 -I.  -D_FILE_OFFSET_BITS=64  -march=i686 -mtune=generic -O2 -pipe -O2 -g -Wall -Wno-parentheses  -fPIC conftest.c  -L. -L/usr/lib -Wl,-R/usr/lib -L. -Wl,--hash-style=gnu -Wl,--as-needed -rdynamic -Wl,-export-dynamic     -Wl,-R -Wl,/usr/lib -L/usr/lib -lruby-static  -lpthread -lrt -ldl -lcrypt -lm   -lc"
checked program was:
/* begin */
1: #include "ruby.h"
2: 
3: int main() {return 0;}
/* end */

"gcc -o conftest -I/usr/include/ruby-1.9.1/i686-linux -I/usr/include/ruby-1.9.1/ruby/backward -I/usr/include/ruby-1.9.1 -I.  -D_FILE_OFFSET_BITS=64  -march=i686 -mtune=generic -O2 -pipe -O2 -g -Wall -Wno-parentheses  -fPIC conftest.c  -L. -L/usr/lib -Wl,-R/usr/lib -L. -Wl,--hash-style=gnu -Wl,--as-needed -rdynamic -Wl,-export-dynamic     -Wl,-R -Wl,/usr/lib -L/usr/lib -lruby-static -lncurses  -lpthread -lrt -ldl -lcrypt -lm   -lc"
conftest.c: In function ‘t’:
conftest.c:5:53: error: ‘tgetnum’ undeclared (first use in this function)
conftest.c:5:53: note: each undeclared identifier is reported only once for each function it appears in
checked program was:
/* begin */
1: #include "ruby.h"
2: 
3: /*top*/
4: int main() {return 0;}
5: int t() { void ((*volatile p)()); p = (void ((*)()))tgetnum; return 0; }
/* end */

"gcc -o conftest -I/usr/include/ruby-1.9.1/i686-linux -I/usr/include/ruby-1.9.1/ruby/backward -I/usr/include/ruby-1.9.1 -I.  -D_FILE_OFFSET_BITS=64  -march=i686 -mtune=generic -O2 -pipe -O2 -g -Wall -Wno-parentheses  -fPIC conftest.c  -L. -L/usr/lib -Wl,-R/usr/lib -L. -Wl,--hash-style=gnu -Wl,--as-needed -rdynamic -Wl,-export-dynamic     -Wl,-R -Wl,/usr/lib -L/usr/lib -lruby-static -lncurses  -lpthread -lrt -ldl -lcrypt -lm   -lc"
conftest.c: In function ‘t’:
conftest.c:5:1: warning: implicit declaration of function ‘tgetnum’
checked program was:
/* begin */
1: #include "ruby.h"
2: 
3: /*top*/
4: int main() {return 0;}
5: int t() { tgetnum(); return 0; }
/* end */

--------------------

have_header: checking for readline/readline.h... -------------------- yes

"gcc -E -I/usr/include/ruby-1.9.1/i686-linux -I/usr/include/ruby-1.9.1/ruby/backward -I/usr/include/ruby-1.9.1 -I.  -D_FILE_OFFSET_BITS=64  -march=i686 -mtune=generic -O2 -pipe -O2 -g -Wall -Wno-parentheses  -fPIC  conftest.c -o conftest.i"
checked program was:
/* begin */
1: #include "ruby.h"
2: 
3: #include <readline/readline.h>
/* end */

--------------------

have_header: checking for readline/history.h... -------------------- yes

"gcc -E -I/usr/include/ruby-1.9.1/i686-linux -I/usr/include/ruby-1.9.1/ruby/backward -I/usr/include/ruby-1.9.1 -I.  -D_FILE_OFFSET_BITS=64  -march=i686 -mtune=generic -O2 -pipe -O2 -g -Wall -Wno-parentheses  -fPIC  conftest.c -o conftest.i"
checked program was:
/* begin */
1: #include "ruby.h"
2: 
3: #include <readline/history.h>
/* end */

--------------------

have_library: checking for readline() in -lreadline... -------------------- yes

"gcc -o conftest -I/usr/include/ruby-1.9.1/i686-linux -I/usr/include/ruby-1.9.1/ruby/backward -I/usr/include/ruby-1.9.1 -I.  -D_FILE_OFFSET_BITS=64  -march=i686 -mtune=generic -O2 -pipe -O2 -g -Wall -Wno-parentheses  -fPIC conftest.c  -L. -L/usr/lib -Wl,-R/usr/lib -L. -Wl,--hash-style=gnu -Wl,--as-needed -rdynamic -Wl,-export-dynamic    -lncurses  -Wl,-R -Wl,/usr/lib -L/usr/lib -lruby-static -lreadline -lncurses  -lpthread -lrt -ldl -lcrypt -lm   -lc"
conftest.c: In function ‘t’:
conftest.c:5:53: error: ‘readline’ undeclared (first use in this function)
conftest.c:5:53: note: each undeclared identifier is reported only once for each function it appears in
checked program was:
/* begin */
1: #include "ruby.h"
2: 
3: /*top*/
4: int main() {return 0;}
5: int t() { void ((*volatile p)()); p = (void ((*)()))readline; return 0; }
/* end */

"gcc -o conftest -I/usr/include/ruby-1.9.1/i686-linux -I/usr/include/ruby-1.9.1/ruby/backward -I/usr/include/ruby-1.9.1 -I.  -D_FILE_OFFSET_BITS=64  -march=i686 -mtune=generic -O2 -pipe -O2 -g -Wall -Wno-parentheses  -fPIC conftest.c  -L. -L/usr/lib -Wl,-R/usr/lib -L. -Wl,--hash-style=gnu -Wl,--as-needed -rdynamic -Wl,-export-dynamic    -lncurses  -Wl,-R -Wl,/usr/lib -L/usr/lib -lruby-static -lreadline -lncurses  -lpthread -lrt -ldl -lcrypt -lm   -lc"
conftest.c: In function ‘t’:
conftest.c:5:1: warning: implicit declaration of function ‘readline’
checked program was:
/* begin */
1: #include "ruby.h"
2: 
3: /*top*/
4: int main() {return 0;}
5: int t() { readline(); return 0; }
/* end */

--------------------

have_func: checking for rl_filename_completion_function() in stdio.h,readline/readline.h,readline/history.h... -------------------- yes

"gcc -o conftest -I/usr/include/ruby-1.9.1/i686-linux -I/usr/include/ruby-1.9.1/ruby/backward -I/usr/include/ruby-1.9.1 -I.  -D_FILE_OFFSET_BITS=64  -march=i686 -mtune=generic -O2 -pipe -O2 -g -Wall -Wno-parentheses  -fPIC conftest.c  -L. -L/usr/lib -Wl,-R/usr/lib -L. -Wl,--hash-style=gnu -Wl,--as-needed -rdynamic -Wl,-export-dynamic    -lreadline -lncurses  -Wl,-R -Wl,/usr/lib -L/usr/lib -lruby-static -lreadline -lncurses  -lpthread -lrt -ldl -lcrypt -lm   -lc"
checked program was:
/* begin */
1: #include "ruby.h"
2: 
3: #include <stdio.h>
4: #include <readline/readline.h>
5: #include <readline/history.h>
6: 
7: /*top*/
8: int main() {return 0;}
9: int t() { void ((*volatile p)()); p = (void ((*)()))rl_filename_completion_function; return 0; }
/* end */

--------------------

have_func: checking for rl_username_completion_function() in stdio.h,readline/readline.h,readline/history.h... -------------------- yes

"gcc -o conftest -I/usr/include/ruby-1.9.1/i686-linux -I/usr/include/ruby-1.9.1/ruby/backward -I/usr/include/ruby-1.9.1 -I.  -D_FILE_OFFSET_BITS=64  -march=i686 -mtune=generic -O2 -pipe -O2 -g -Wall -Wno-parentheses  -fPIC conftest.c  -L. -L/usr/lib -Wl,-R/usr/lib -L. -Wl,--hash-style=gnu -Wl,--as-needed -rdynamic -Wl,-export-dynamic    -lreadline -lncurses  -Wl,-R -Wl,/usr/lib -L/usr/lib -lruby-static -lreadline -lncurses  -lpthread -lrt -ldl -lcrypt -lm   -lc"
checked program was:
/* begin */
1: #include "ruby.h"
2: 
3: #include <stdio.h>
4: #include <readline/readline.h>
5: #include <readline/history.h>
6: 
7: /*top*/
8: int main() {return 0;}
9: int t() { void ((*volatile p)()); p = (void ((*)()))rl_username_completion_function; return 0; }
/* end */

--------------------

have_func: checking for rl_completion_matches() in stdio.h,readline/readline.h,readline/history.h... -------------------- yes

"gcc -o conftest -I/usr/include/ruby-1.9.1/i686-linux -I/usr/include/ruby-1.9.1/ruby/backward -I/usr/include/ruby-1.9.1 -I.  -D_FILE_OFFSET_BITS=64  -march=i686 -mtune=generic -O2 -pipe -O2 -g -Wall -Wno-parentheses  -fPIC conftest.c  -L. -L/usr/lib -Wl,-R/usr/lib -L. -Wl,--hash-style=gnu -Wl,--as-needed -rdynamic -Wl,-export-dynamic    -lreadline -lncurses  -Wl,-R -Wl,/usr/lib -L/usr/lib -lruby-static -lreadline -lncurses  -lpthread -lrt -ldl -lcrypt -lm   -lc"
checked program was:
/* begin */
1: #include "ruby.h"
2: 
3: #include <stdio.h>
4: #include <readline/readline.h>
5: #include <readline/history.h>
6: 
7: /*top*/
8: int main() {return 0;}
9: int t() { void ((*volatile p)()); p = (void ((*)()))rl_completion_matches; return 0; }
/* end */

--------------------

have_var: checking for rl_deprep_term_function in stdio.h,readline/readline.h,readline/history.h... -------------------- yes

"gcc -I/usr/include/ruby-1.9.1/i686-linux -I/usr/include/ruby-1.9.1/ruby/backward -I/usr/include/ruby-1.9.1 -I.  -D_FILE_OFFSET_BITS=64  -march=i686 -mtune=generic -O2 -pipe -O2 -g -Wall -Wno-parentheses  -fPIC   -c conftest.c"
checked program was:
/* begin */
1: #include "ruby.h"
2: 
3: #include <stdio.h>
4: #include <readline/readline.h>
5: #include <readline/history.h>
6: 
7: /*top*/
8: int main() {return 0;}
9: int t() { const volatile void *volatile p; p = &(&rl_deprep_term_function)[0]; return 0; }
/* end */

--------------------

have_var: checking for rl_completion_append_character in stdio.h,readline/readline.h,readline/history.h... -------------------- yes

"gcc -I/usr/include/ruby-1.9.1/i686-linux -I/usr/include/ruby-1.9.1/ruby/backward -I/usr/include/ruby-1.9.1 -I.  -D_FILE_OFFSET_BITS=64  -march=i686 -mtune=generic -O2 -pipe -O2 -g -Wall -Wno-parentheses  -fPIC   -c conftest.c"
checked program was:
/* begin */
1: #include "ruby.h"
2: 
3: #include <stdio.h>
4: #include <readline/readline.h>
5: #include <readline/history.h>
6: 
7: /*top*/
8: int main() {return 0;}
9: int t() { const volatile void *volatile p; p = &(&rl_completion_append_character)[0]; return 0; }
/* end */

--------------------

have_var: checking for rl_basic_word_break_characters in stdio.h,readline/readline.h,readline/history.h... -------------------- yes

"gcc -I/usr/include/ruby-1.9.1/i686-linux -I/usr/include/ruby-1.9.1/ruby/backward -I/usr/include/ruby-1.9.1 -I.  -D_FILE_OFFSET_BITS=64  -march=i686 -mtune=generic -O2 -pipe -O2 -g -Wall -Wno-parentheses  -fPIC   -c conftest.c"
checked program was:
/* begin */
1: #include "ruby.h"
2: 
3: #include <stdio.h>
4: #include <readline/readline.h>
5: #include <readline/history.h>
6: 
7: /*top*/
8: int main() {return 0;}
9: int t() { const volatile void *volatile p; p = &(&rl_basic_word_break_characters)[0]; return 0; }
/* end */

--------------------

have_var: checking for rl_completer_word_break_characters in stdio.h,readline/readline.h,readline/history.h... -------------------- yes

"gcc -I/usr/include/ruby-1.9.1/i686-linux -I/usr/include/ruby-1.9.1/ruby/backward -I/usr/include/ruby-1.9.1 -I.  -D_FILE_OFFSET_BITS=64  -march=i686 -mtune=generic -O2 -pipe -O2 -g -Wall -Wno-parentheses  -fPIC   -c conftest.c"
checked program was:
/* begin */
1: #include "ruby.h"
2: 
3: #include <stdio.h>
4: #include <readline/readline.h>
5: #include <readline/history.h>
6: 
7: /*top*/
8: int main() {return 0;}
9: int t() { const volatile void *volatile p; p = &(&rl_completer_word_break_characters)[0]; return 0; }
/* end */

--------------------

have_var: checking for rl_basic_quote_characters in stdio.h,readline/readline.h,readline/history.h... -------------------- yes

"gcc -I/usr/include/ruby-1.9.1/i686-linux -I/usr/include/ruby-1.9.1/ruby/backward -I/usr/include/ruby-1.9.1 -I.  -D_FILE_OFFSET_BITS=64  -march=i686 -mtune=generic -O2 -pipe -O2 -g -Wall -Wno-parentheses  -fPIC   -c conftest.c"
checked program was:
/* begin */
1: #include "ruby.h"
2: 
3: #include <stdio.h>
4: #include <readline/readline.h>
5: #include <readline/history.h>
6: 
7: /*top*/
8: int main() {return 0;}
9: int t() { const volatile void *volatile p; p = &(&rl_basic_quote_characters)[0]; return 0; }
/* end */

--------------------

have_var: checking for rl_completer_quote_characters in stdio.h,readline/readline.h,readline/history.h... -------------------- yes

"gcc -I/usr/include/ruby-1.9.1/i686-linux -I/usr/include/ruby-1.9.1/ruby/backward -I/usr/include/ruby-1.9.1 -I.  -D_FILE_OFFSET_BITS=64  -march=i686 -mtune=generic -O2 -pipe -O2 -g -Wall -Wno-parentheses  -fPIC   -c conftest.c"
checked program was:
/* begin */
1: #include "ruby.h"
2: 
3: #include <stdio.h>
4: #include <readline/readline.h>
5: #include <readline/history.h>
6: 
7: /*top*/
8: int main() {return 0;}
9: int t() { const volatile void *volatile p; p = &(&rl_completer_quote_characters)[0]; return 0; }
/* end */

--------------------

have_var: checking for rl_filename_quote_characters in stdio.h,readline/readline.h,readline/history.h... -------------------- yes

"gcc -I/usr/include/ruby-1.9.1/i686-linux -I/usr/include/ruby-1.9.1/ruby/backward -I/usr/include/ruby-1.9.1 -I.  -D_FILE_OFFSET_BITS=64  -march=i686 -mtune=generic -O2 -pipe -O2 -g -Wall -Wno-parentheses  -fPIC   -c conftest.c"
checked program was:
/* begin */
1: #include "ruby.h"
2: 
3: #include <stdio.h>
4: #include <readline/readline.h>
5: #include <readline/history.h>
6: 
7: /*top*/
8: int main() {return 0;}
9: int t() { const volatile void *volatile p; p = &(&rl_filename_quote_characters)[0]; return 0; }
/* end */

--------------------

have_var: checking for rl_attempted_completion_over in stdio.h,readline/readline.h,readline/history.h... -------------------- yes

"gcc -I/usr/include/ruby-1.9.1/i686-linux -I/usr/include/ruby-1.9.1/ruby/backward -I/usr/include/ruby-1.9.1 -I.  -D_FILE_OFFSET_BITS=64  -march=i686 -mtune=generic -O2 -pipe -O2 -g -Wall -Wno-parentheses  -fPIC   -c conftest.c"
checked program was:
/* begin */
1: #include "ruby.h"
2: 
3: #include <stdio.h>
4: #include <readline/readline.h>
5: #include <readline/history.h>
6: 
7: /*top*/
8: int main() {return 0;}
9: int t() { const volatile void *volatile p; p = &(&rl_attempted_completion_over)[0]; return 0; }
/* end */

--------------------

have_var: checking for rl_library_version in stdio.h,readline/readline.h,readline/history.h... -------------------- yes

"gcc -I/usr/include/ruby-1.9.1/i686-linux -I/usr/include/ruby-1.9.1/ruby/backward -I/usr/include/ruby-1.9.1 -I.  -D_FILE_OFFSET_BITS=64  -march=i686 -mtune=generic -O2 -pipe -O2 -g -Wall -Wno-parentheses  -fPIC   -c conftest.c"
checked program was:
/* begin */
1: #include "ruby.h"
2: 
3: #include <stdio.h>
4: #include <readline/readline.h>
5: #include <readline/history.h>
6: 
7: /*top*/
8: int main() {return 0;}
9: int t() { const volatile void *volatile p; p = &(&rl_library_version)[0]; return 0; }
/* end */

--------------------

have_var: checking for rl_editing_mode in stdio.h,readline/readline.h,readline/history.h... -------------------- yes

"gcc -I/usr/include/ruby-1.9.1/i686-linux -I/usr/include/ruby-1.9.1/ruby/backward -I/usr/include/ruby-1.9.1 -I.  -D_FILE_OFFSET_BITS=64  -march=i686 -mtune=generic -O2 -pipe -O2 -g -Wall -Wno-parentheses  -fPIC   -c conftest.c"
checked program was:
/* begin */
1: #include "ruby.h"
2: 
3: #include <stdio.h>
4: #include <readline/readline.h>
5: #include <readline/history.h>
6: 
7: /*top*/
8: int main() {return 0;}
9: int t() { const volatile void *volatile p; p = &(&rl_editing_mode)[0]; return 0; }
/* end */

--------------------

have_var: checking for rl_event_hook in stdio.h,readline/readline.h,readline/history.h... -------------------- yes

"gcc -I/usr/include/ruby-1.9.1/i686-linux -I/usr/include/ruby-1.9.1/ruby/backward -I/usr/include/ruby-1.9.1 -I.  -D_FILE_OFFSET_BITS=64  -march=i686 -mtune=generic -O2 -pipe -O2 -g -Wall -Wno-parentheses  -fPIC   -c conftest.c"
checked program was:
/* begin */
1: #include "ruby.h"
2: 
3: #include <stdio.h>
4: #include <readline/readline.h>
5: #include <readline/history.h>
6: 
7: /*top*/
8: int main() {return 0;}
9: int t() { const volatile void *volatile p; p = &(&rl_event_hook)[0]; return 0; }
/* end */

--------------------

have_var: checking for rl_catch_sigwinch in stdio.h,readline/readline.h,readline/history.h... -------------------- yes

"gcc -I/usr/include/ruby-1.9.1/i686-linux -I/usr/include/ruby-1.9.1/ruby/backward -I/usr/include/ruby-1.9.1 -I.  -D_FILE_OFFSET_BITS=64  -march=i686 -mtune=generic -O2 -pipe -O2 -g -Wall -Wno-parentheses  -fPIC   -c conftest.c"
checked program was:
/* begin */
1: #include "ruby.h"
2: 
3: #include <stdio.h>
4: #include <readline/readline.h>
5: #include <readline/history.h>
6: 
7: /*top*/
8: int main() {return 0;}
9: int t() { const volatile void *volatile p; p = &(&rl_catch_sigwinch)[0]; return 0; }
/* end */

--------------------

have_var: checking for rl_catch_signals in stdio.h,readline/readline.h,readline/history.h... -------------------- yes

"gcc -I/usr/include/ruby-1.9.1/i686-linux -I/usr/include/ruby-1.9.1/ruby/backward -I/usr/include/ruby-1.9.1 -I.  -D_FILE_OFFSET_BITS=64  -march=i686 -mtune=generic -O2 -pipe -O2 -g -Wall -Wno-parentheses  -fPIC   -c conftest.c"
checked program was:
/* begin */
1: #include "ruby.h"
2: 
3: #include <stdio.h>
4: #include <readline/readline.h>
5: #include <readline/history.h>
6: 
7: /*top*/
8: int main() {return 0;}
9: int t() { const volatile void *volatile p; p = &(&rl_catch_signals)[0]; return 0; }
/* end */

--------------------

have_func: checking for rl_cleanup_after_signal() in stdio.h,readline/readline.h,readline/history.h... -------------------- yes

"gcc -o conftest -I/usr/include/ruby-1.9.1/i686-linux -I/usr/include/ruby-1.9.1/ruby/backward -I/usr/include/ruby-1.9.1 -I.  -D_FILE_OFFSET_BITS=64  -march=i686 -mtune=generic -O2 -pipe -O2 -g -Wall -Wno-parentheses  -fPIC conftest.c  -L. -L/usr/lib -Wl,-R/usr/lib -L. -Wl,--hash-style=gnu -Wl,--as-needed -rdynamic -Wl,-export-dynamic    -lreadline -lncurses  -Wl,-R -Wl,/usr/lib -L/usr/lib -lruby-static -lreadline -lncurses  -lpthread -lrt -ldl -lcrypt -lm   -lc"
checked program was:
/* begin */
1: #include "ruby.h"
2: 
3: #include <stdio.h>
4: #include <readline/readline.h>
5: #include <readline/history.h>
6: 
7: /*top*/
8: int main() {return 0;}
9: int t() { void ((*volatile p)()); p = (void ((*)()))rl_cleanup_after_signal; return 0; }
/* end */

--------------------

have_func: checking for rl_clear_signals() in stdio.h,readline/readline.h,readline/history.h... -------------------- yes

"gcc -o conftest -I/usr/include/ruby-1.9.1/i686-linux -I/usr/include/ruby-1.9.1/ruby/backward -I/usr/include/ruby-1.9.1 -I.  -D_FILE_OFFSET_BITS=64  -march=i686 -mtune=generic -O2 -pipe -O2 -g -Wall -Wno-parentheses  -fPIC conftest.c  -L. -L/usr/lib -Wl,-R/usr/lib -L. -Wl,--hash-style=gnu -Wl,--as-needed -rdynamic -Wl,-export-dynamic    -lreadline -lncurses  -Wl,-R -Wl,/usr/lib -L/usr/lib -lruby-static -lreadline -lncurses  -lpthread -lrt -ldl -lcrypt -lm   -lc"
checked program was:
/* begin */
1: #include "ruby.h"
2: 
3: #include <stdio.h>
4: #include <readline/readline.h>
5: #include <readline/history.h>
6: 
7: /*top*/
8: int main() {return 0;}
9: int t() { void ((*volatile p)()); p = (void ((*)()))rl_clear_signals; return 0; }
/* end */

--------------------

have_func: checking for rl_vi_editing_mode() in stdio.h,readline/readline.h,readline/history.h... -------------------- yes

"gcc -o conftest -I/usr/include/ruby-1.9.1/i686-linux -I/usr/include/ruby-1.9.1/ruby/backward -I/usr/include/ruby-1.9.1 -I.  -D_FILE_OFFSET_BITS=64  -march=i686 -mtune=generic -O2 -pipe -O2 -g -Wall -Wno-parentheses  -fPIC conftest.c  -L. -L/usr/lib -Wl,-R/usr/lib -L. -Wl,--hash-style=gnu -Wl,--as-needed -rdynamic -Wl,-export-dynamic    -lreadline -lncurses  -Wl,-R -Wl,/usr/lib -L/usr/lib -lruby-static -lreadline -lncurses  -lpthread -lrt -ldl -lcrypt -lm   -lc"
checked program was:
/* begin */
1: #include "ruby.h"
2: 
3: #include <stdio.h>
4: #include <readline/readline.h>
5: #include <readline/history.h>
6: 
7: /*top*/
8: int main() {return 0;}
9: int t() { void ((*volatile p)()); p = (void ((*)()))rl_vi_editing_mode; return 0; }
/* end */

--------------------

have_func: checking for rl_emacs_editing_mode() in stdio.h,readline/readline.h,readline/history.h... -------------------- yes

"gcc -o conftest -I/usr/include/ruby-1.9.1/i686-linux -I/usr/include/ruby-1.9.1/ruby/backward -I/usr/include/ruby-1.9.1 -I.  -D_FILE_OFFSET_BITS=64  -march=i686 -mtune=generic -O2 -pipe -O2 -g -Wall -Wno-parentheses  -fPIC conftest.c  -L. -L/usr/lib -Wl,-R/usr/lib -L. -Wl,--hash-style=gnu -Wl,--as-needed -rdynamic -Wl,-export-dynamic    -lreadline -lncurses  -Wl,-R -Wl,/usr/lib -L/usr/lib -lruby-static -lreadline -lncurses  -lpthread -lrt -ldl -lcrypt -lm   -lc"
checked program was:
/* begin */
1: #include "ruby.h"
2: 
3: #include <stdio.h>
4: #include <readline/readline.h>
5: #include <readline/history.h>
6: 
7: /*top*/
8: int main() {return 0;}
9: int t() { void ((*volatile p)()); p = (void ((*)()))rl_emacs_editing_mode; return 0; }
/* end */

--------------------

have_func: checking for replace_history_entry() in stdio.h,readline/readline.h,readline/history.h... -------------------- yes

"gcc -o conftest -I/usr/include/ruby-1.9.1/i686-linux -I/usr/include/ruby-1.9.1/ruby/backward -I/usr/include/ruby-1.9.1 -I.  -D_FILE_OFFSET_BITS=64  -march=i686 -mtune=generic -O2 -pipe -O2 -g -Wall -Wno-parentheses  -fPIC conftest.c  -L. -L/usr/lib -Wl,-R/usr/lib -L. -Wl,--hash-style=gnu -Wl,--as-needed -rdynamic -Wl,-export-dynamic    -lreadline -lncurses  -Wl,-R -Wl,/usr/lib -L/usr/lib -lruby-static -lreadline -lncurses  -lpthread -lrt -ldl -lcrypt -lm   -lc"
checked program was:
/* begin */
1: #include "ruby.h"
2: 
3: #include <stdio.h>
4: #include <readline/readline.h>
5: #include <readline/history.h>
6: 
7: /*top*/
8: int main() {return 0;}
9: int t() { void ((*volatile p)()); p = (void ((*)()))replace_history_entry; return 0; }
/* end */

--------------------

have_func: checking for remove_history() in stdio.h,readline/readline.h,readline/history.h... -------------------- yes

"gcc -o conftest -I/usr/include/ruby-1.9.1/i686-linux -I/usr/include/ruby-1.9.1/ruby/backward -I/usr/include/ruby-1.9.1 -I.  -D_FILE_OFFSET_BITS=64  -march=i686 -mtune=generic -O2 -pipe -O2 -g -Wall -Wno-parentheses  -fPIC conftest.c  -L. -L/usr/lib -Wl,-R/usr/lib -L. -Wl,--hash-style=gnu -Wl,--as-needed -rdynamic -Wl,-export-dynamic    -lreadline -lncurses  -Wl,-R -Wl,/usr/lib -L/usr/lib -lruby-static -lreadline -lncurses  -lpthread -lrt -ldl -lcrypt -lm   -lc"
checked program was:
/* begin */
1: #include "ruby.h"
2: 
3: #include <stdio.h>
4: #include <readline/readline.h>
5: #include <readline/history.h>
6: 
7: /*top*/
8: int main() {return 0;}
9: int t() { void ((*volatile p)()); p = (void ((*)()))remove_history; return 0; }
/* end */

--------------------

have_func: checking for clear_history() in stdio.h,readline/readline.h,readline/history.h... -------------------- yes

"gcc -o conftest -I/usr/include/ruby-1.9.1/i686-linux -I/usr/include/ruby-1.9.1/ruby/backward -I/usr/include/ruby-1.9.1 -I.  -D_FILE_OFFSET_BITS=64  -march=i686 -mtune=generic -O2 -pipe -O2 -g -Wall -Wno-parentheses  -fPIC conftest.c  -L. -L/usr/lib -Wl,-R/usr/lib -L. -Wl,--hash-style=gnu -Wl,--as-needed -rdynamic -Wl,-export-dynamic    -lreadline -lncurses  -Wl,-R -Wl,/usr/lib -L/usr/lib -lruby-static -lreadline -lncurses  -lpthread -lrt -ldl -lcrypt -lm   -lc"
checked program was:
/* begin */
1: #include "ruby.h"
2: 
3: #include <stdio.h>
4: #include <readline/readline.h>
5: #include <readline/history.h>
6: 
7: /*top*/
8: int main() {return 0;}
9: int t() { void ((*volatile p)()); p = (void ((*)()))clear_history; return 0; }
/* end */

--------------------

